
Launching application


Setting up allegro...


Rendering engine failed to create 1920x1080 (1080p) display

Attempting 1280x1024

Display successfully create dusing 1280x1024 resolution

Launching application


Setting up allegro...


Rendering engine failed to create 1920x1080 (1080p) display

Attempting 1280x1024

Display successfully create dusing 1280x1024 resolution

Launching application


Setting up allegro...


Rendering engine failed to create 1920x1080 (1080p) display

Attempting 1280x1024

Display successfully create dusing 1280x1024 resolution

Launching application


Setting up allegro...


Rendering engine failed to create 1920x1080 (1080p) display

Attempting 1280x1024

Display successfully create dusing 1280x1024 resolution

Launching application


Setting up allegro...


Rendering engine failed to create 1920x1080 (1080p) display

Attempting 1280x1024

Display successfully create dusing 1280x1024 resolution

Launching application


Setting up allegro...


Rendering engine failed to create 1920x1080 (1080p) display

Attempting 1280x1024

Display successfully create dusing 1280x1024 resolution
